Performing C SOURCE FILE Test CMAKE_HAVE_LIBC_PTHREAD failed with the following output:
Change Dir: /home/hklab6380/ros_ws/pkg/pub_melodic/build/CMakeFiles/CMakeTmp

Run Build Command(s):/usr/bin/make -f Makefile cmTC_9c50c/fast && make[1]: ディレクトリ '/home/hklab6380/ros_ws/pkg/pub_melodic/build/CMakeFiles/CMakeTmp' に入ります
/usr/bin/make  -f CMakeFiles/cmTC_9c50c.dir/build.make CMakeFiles/cmTC_9c50c.dir/build
make[2]: ディレクトリ '/home/hklab6380/ros_ws/pkg/pub_melodic/build/CMakeFiles/CMakeTmp' に入ります
Building C object CMakeFiles/cmTC_9c50c.dir/src.c.o
/usr/bin/cc -DCMAKE_HAVE_LIBC_PTHREAD   -o CMakeFiles/cmTC_9c50c.dir/src.c.o -c /home/hklab6380/ros_ws/pkg/pub_melodic/build/CMakeFiles/CMakeTmp/src.c
Linking C executable cmTC_9c50c
/usr/local/bin/cmake -E cmake_link_script CMakeFiles/cmTC_9c50c.dir/link.txt --verbose=1
/usr/bin/cc -rdynamic CMakeFiles/cmTC_9c50c.dir/src.c.o -o cmTC_9c50c 
CMakeFiles/cmTC_9c50c.dir/src.c.o: 関数 `main' 内:
src.c:(.text+0x3e): `pthread_create' に対する定義されていない参照です
src.c:(.text+0x4a): `pthread_detach' に対する定義されていない参照です
src.c:(.text+0x56): `pthread_cancel' に対する定義されていない参照です
src.c:(.text+0x67): `pthread_join' に対する定義されていない参照です
src.c:(.text+0x7b): `pthread_atfork' に対する定義されていない参照です
collect2: error: ld returned 1 exit status
CMakeFiles/cmTC_9c50c.dir/build.make:98: recipe for target 'cmTC_9c50c' failed
make[2]: *** [cmTC_9c50c] Error 1
make[2]: ディレクトリ '/home/hklab6380/ros_ws/pkg/pub_melodic/build/CMakeFiles/CMakeTmp' から出ます
Makefile:127: recipe for target 'cmTC_9c50c/fast' failed
make[1]: *** [cmTC_9c50c/fast] Error 2
make[1]: ディレクトリ '/home/hklab6380/ros_ws/pkg/pub_melodic/build/CMakeFiles/CMakeTmp' から出ます


Source file was:
#include <pthread.h>

static void* test_func(void* data)
{
  return data;
}

int main(void)
{
  pthread_t thread;
  pthread_create(&thread, NULL, test_func, NULL);
  pthread_detach(thread);
  pthread_cancel(thread);
  pthread_join(thread, NULL);
  pthread_atfork(NULL, NULL, NULL);
  pthread_exit(NULL);

  return 0;
}

Determining if the function pthread_create exists in the pthreads failed with the following output:
Change Dir: /home/hklab6380/ros_ws/pkg/pub_melodic/build/CMakeFiles/CMakeTmp

Run Build Command(s):/usr/bin/make -f Makefile cmTC_d0dd4/fast && make[1]: ディレクトリ '/home/hklab6380/ros_ws/pkg/pub_melodic/build/CMakeFiles/CMakeTmp' に入ります
/usr/bin/make  -f CMakeFiles/cmTC_d0dd4.dir/build.make CMakeFiles/cmTC_d0dd4.dir/build
make[2]: ディレクトリ '/home/hklab6380/ros_ws/pkg/pub_melodic/build/CMakeFiles/CMakeTmp' に入ります
Building C object CMakeFiles/cmTC_d0dd4.dir/CheckFunctionExists.c.o
/usr/bin/cc   -DCHECK_FUNCTION_EXISTS=pthread_create -o CMakeFiles/cmTC_d0dd4.dir/CheckFunctionExists.c.o -c /usr/local/share/cmake-3.20/Modules/CheckFunctionExists.c
Linking C executable cmTC_d0dd4
/usr/local/bin/cmake -E cmake_link_script CMakeFiles/cmTC_d0dd4.dir/link.txt --verbose=1
/usr/bin/cc  -DCHECK_FUNCTION_EXISTS=pthread_create -rdynamic CMakeFiles/cmTC_d0dd4.dir/CheckFunctionExists.c.o -o cmTC_d0dd4  -lpthreads 
/usr/bin/ld: -lpthreads が見つかりません
collect2: error: ld returned 1 exit status
CMakeFiles/cmTC_d0dd4.dir/build.make:98: recipe for target 'cmTC_d0dd4' failed
make[2]: *** [cmTC_d0dd4] Error 1
make[2]: ディレクトリ '/home/hklab6380/ros_ws/pkg/pub_melodic/build/CMakeFiles/CMakeTmp' から出ます
Makefile:127: recipe for target 'cmTC_d0dd4/fast' failed
make[1]: *** [cmTC_d0dd4/fast] Error 2
make[1]: ディレクトリ '/home/hklab6380/ros_ws/pkg/pub_melodic/build/CMakeFiles/CMakeTmp' から出ます



